#! /opt/local/bin/vvp
:ivl_version "0.9.7 " "(v0_9_7)";
:vpi_time_precision + 0;
:vpi_module "system";
:vpi_module "v2005_math";
:vpi_module "va_math";
S_0x7f9f03c0cef0 .scope module, "tb_counter" "tb_counter" 2 1;
 .timescale 0 0;
v0x7f9f03c1d130_0 .net "T0", 0 0, v0x7f9f03c081a0_0; 1 drivers
v0x7f9f03c1d1d0_0 .net "T1", 0 0, v0x7f9f03c1cd80_0; 1 drivers
v0x7f9f03c1d250_0 .net "T2", 0 0, v0x7f9f03c1ce10_0; 1 drivers
v0x7f9f03c1d310_0 .var "clk", 0 0;
v0x7f9f03c1d3b0_0 .net "q0", 0 0, v0x7f9f03c1cf20_0; 1 drivers
v0x7f9f03c1d460_0 .net "q1", 0 0, v0x7f9f03c1cfe0_0; 1 drivers
v0x7f9f03c1d500_0 .net "q2", 0 0, v0x7f9f03c1d070_0; 1 drivers
S_0x7f9f03c0cfd0 .scope module, "upcounter" "counter" 2 18, 3 1, S_0x7f9f03c0cef0;
 .timescale 0 0;
v0x7f9f03c081a0_0 .var "T0", 0 0;
v0x7f9f03c1cd80_0 .var "T1", 0 0;
v0x7f9f03c1ce10_0 .var "T2", 0 0;
v0x7f9f03c1ce90_0 .net "clk", 0 0, v0x7f9f03c1d310_0; 1 drivers
v0x7f9f03c1cf20_0 .var "q0", 0 0;
v0x7f9f03c1cfe0_0 .var "q1", 0 0;
v0x7f9f03c1d070_0 .var "q2", 0 0;
E_0x7f9f03c085b0 .event posedge, v0x7f9f03c1ce90_0;
    .scope S_0x7f9f03c0cfd0;
T_0 ;
    %set/v v0x7f9f03c1cf20_0, 0, 1;
    %set/v v0x7f9f03c1cfe0_0, 0, 1;
    %set/v v0x7f9f03c1d070_0, 0, 1;
    %set/v v0x7f9f03c081a0_0, 0, 1;
    %set/v v0x7f9f03c1cd80_0, 0, 1;
    %set/v v0x7f9f03c1ce10_0, 0, 1;
    %end;
    .thread T_0;
    .scope S_0x7f9f03c0cfd0;
T_1 ;
    %load/v 8, v0x7f9f03c1cf20_0, 1;
    %mov 9, 0, 2;
    %cmpi/u 8, 1, 3;
    %mov 8, 4, 1;
    %load/v 9, v0x7f9f03c1cfe0_0, 1;
    %mov 10, 0, 2;
    %cmpi/u 9, 1, 3;
    %mov 9, 4, 1;
    %and 8, 9, 1;
    %load/v 9, v0x7f9f03c1d070_0, 1;
    %mov 10, 0, 2;
    %cmpi/u 9, 1, 3;
    %mov 9, 4, 1;
    %and 8, 9, 1;
    %jmp/0xz  T_1.0, 8;
    %set/v v0x7f9f03c1cf20_0, 0, 1;
    %set/v v0x7f9f03c1cfe0_0, 0, 1;
    %set/v v0x7f9f03c1d070_0, 0, 1;
T_1.0 ;
    %delay 5, 0;
    %jmp T_1;
    .thread T_1;
    .scope S_0x7f9f03c0cfd0;
T_2 ;
    %wait E_0x7f9f03c085b0;
    %load/v 8, v0x7f9f03c1cf20_0, 1;
    %inv 8, 1;
    %load/v 9, v0x7f9f03c1cfe0_0, 1;
    %and 8, 9, 1;
    %load/v 9, v0x7f9f03c1d070_0, 1;
    %and 8, 9, 1;
    %set/v v0x7f9f03c081a0_0, 8, 1;
    %load/v 8, v0x7f9f03c1d070_0, 1;
    %set/v v0x7f9f03c1cd80_0, 8, 1;
    %set/v v0x7f9f03c1ce10_0, 1, 1;
    %load/v 8, v0x7f9f03c081a0_0, 1;
    %load/v 9, v0x7f9f03c1cf20_0, 1;
    %xor 8, 9, 1;
    %ix/load 0, 1, 0;
    %assign/v0 v0x7f9f03c1cf20_0, 0, 8;
    %load/v 8, v0x7f9f03c1cd80_0, 1;
    %load/v 9, v0x7f9f03c1cfe0_0, 1;
    %xor 8, 9, 1;
    %ix/load 0, 1, 0;
    %assign/v0 v0x7f9f03c1cfe0_0, 0, 8;
    %load/v 8, v0x7f9f03c1ce10_0, 1;
    %load/v 9, v0x7f9f03c1d070_0, 1;
    %xor 8, 9, 1;
    %ix/load 0, 1, 0;
    %assign/v0 v0x7f9f03c1d070_0, 0, 8;
    %jmp T_2;
    .thread T_2;
    .scope S_0x7f9f03c0cef0;
T_3 ;
    %vpi_call 2 7 "$dumpfile", "counter.vcd";
    %vpi_call 2 8 "$dumpvars", 1'sb0, S_0x7f9f03c0cef0;
    %vpi_call 2 9 "$monitor", "%g\011 %b %b %b ", $time, v0x7f9f03c1d3b0_0, v0x7f9f03c1d460_0, v0x7f9f03c1d500_0;
    %set/v v0x7f9f03c1d310_0, 0, 1;
    %delay 200, 0;
    %vpi_call 2 11 "$finish";
    %end;
    .thread T_3;
    .scope S_0x7f9f03c0cef0;
T_4 ;
    %delay 5, 0;
    %load/v 8, v0x7f9f03c1d310_0, 1;
    %inv 8, 1;
    %ix/load 0, 1, 0;
    %assign/v0 v0x7f9f03c1d310_0, 0, 8;
    %jmp T_4;
    .thread T_4;
# The file index is used to find the file name in the following table.
:file_names 4;
    "N/A";
    "<interactive>";
    "tb_counter.v";
    "counter.v";
