#! /opt/local/bin/vvp
:ivl_version "0.9.7 " "(v0_9_7)";
:vpi_time_precision + 0;
:vpi_module "system";
:vpi_module "v2005_math";
:vpi_module "va_math";
S_0x7fa553601a10 .scope module, "comp_tb" "comp_tb" 2 1;
 .timescale 0 0;
v0x7fa553611e20_0 .var "A", 1 0;
v0x7fa553611eb0_0 .net "AeqB", 0 0, L_0x7fa553612380; 1 drivers
v0x7fa553611f50_0 .net "AgtB", 0 0, L_0x7fa5536122b0; 1 drivers
v0x7fa553612010_0 .net "AltB", 0 0, L_0x7fa553612160; 1 drivers
v0x7fa5536120b0_0 .var "B", 1 0;
S_0x7fa553601af0 .scope module, "uut" "comp" 2 9, 3 1, S_0x7fa553601a10;
 .timescale 0 0;
v0x7fa553601bd0_0 .net "A", 1 0, v0x7fa553611e20_0; 1 drivers
v0x7fa553611bc0_0 .alias "AeqB", 0 0, v0x7fa553611eb0_0;
v0x7fa553611c50_0 .alias "AgtB", 0 0, v0x7fa553611f50_0;
v0x7fa553611cd0_0 .alias "AltB", 0 0, v0x7fa553612010_0;
v0x7fa553611d60_0 .net "B", 1 0, v0x7fa5536120b0_0; 1 drivers
L_0x7fa553612160 .cmp/gt 2, v0x7fa5536120b0_0, v0x7fa553611e20_0;
L_0x7fa5536122b0 .cmp/gt 2, v0x7fa553611e20_0, v0x7fa5536120b0_0;
L_0x7fa553612380 .cmp/eq 2, v0x7fa553611e20_0, v0x7fa5536120b0_0;
    .scope S_0x7fa553601a10;
T_0 ;
    %set/v v0x7fa553611e20_0, 0, 2;
    %movi 8, 1, 2;
    %set/v v0x7fa5536120b0_0, 8, 2;
    %delay 10, 0;
    %set/v v0x7fa553611e20_0, 0, 2;
    %movi 8, 1, 2;
    %set/v v0x7fa5536120b0_0, 8, 2;
    %delay 10, 0;
    %movi 8, 1, 2;
    %set/v v0x7fa553611e20_0, 8, 2;
    %movi 8, 1, 2;
    %set/v v0x7fa5536120b0_0, 8, 2;
    %delay 10, 0;
    %movi 8, 1, 2;
    %set/v v0x7fa553611e20_0, 8, 2;
    %set/v v0x7fa5536120b0_0, 1, 2;
    %delay 10, 0;
    %set/v v0x7fa553611e20_0, 1, 2;
    %movi 8, 1, 2;
    %set/v v0x7fa5536120b0_0, 8, 2;
    %delay 10, 0;
    %vpi_call 2 23 "$finish";
    %end;
    .thread T_0;
    .scope S_0x7fa553601a10;
T_1 ;
    %vpi_call 2 27 "$dumpfile", "comp.vcd";
    %vpi_call 2 28 "$dumpvars";
    %end;
    .thread T_1;
# The file index is used to find the file name in the following table.
:file_names 4;
    "N/A";
    "<interactive>";
    "comp_tb.v";
    "comp.v";
