#! /opt/local/bin/vvp
:ivl_version "0.9.7 " "(v0_9_7)";
:vpi_time_precision + 0;
:vpi_module "system";
:vpi_module "v2005_math";
:vpi_module "va_math";
S_0x7f9791603310 .scope module, "demux_tb" "demux_tb" 2 1;
 .timescale 0 0;
v0x7f9791615900_0 .net "A", 0 0, L_0x7f9791615f00; 1 drivers
v0x7f9791615980_0 .net "B", 0 0, L_0x7f9791616120; 1 drivers
v0x7f9791615a00_0 .net "C", 0 0, L_0x7f9791616440; 1 drivers
v0x7f9791615a80_0 .net "D", 0 0, L_0x7f97916165a0; 1 drivers
v0x7f9791615b00_0 .var "X", 0 0;
v0x7f9791615b80_0 .var "sel1", 0 0;
v0x7f9791615c00_0 .var "sel2", 0 0;
S_0x7f9791602540 .scope module, "uut" "demux" 2 5, 3 1, S_0x7f9791603310;
 .timescale 0 0;
L_0x7f9791615cc0 .functor NOT 1, v0x7f9791615b80_0, C4<0>, C4<0>, C4<0>;
L_0x7f9791615d60 .functor AND 1, v0x7f9791615b00_0, L_0x7f9791615cc0, C4<1>, C4<1>;
L_0x7f9791615e60 .functor NOT 1, v0x7f9791615c00_0, C4<0>, C4<0>, C4<0>;
L_0x7f9791615f00 .functor AND 1, L_0x7f9791615d60, L_0x7f9791615e60, C4<1>, C4<1>;
L_0x7f9791616020 .functor NOT 1, v0x7f9791615b80_0, C4<0>, C4<0>, C4<0>;
L_0x7f9791616080 .functor AND 1, v0x7f9791615b00_0, L_0x7f9791616020, C4<1>, C4<1>;
L_0x7f9791616120 .functor AND 1, L_0x7f9791616080, v0x7f9791615c00_0, C4<1>, C4<1>;
L_0x7f9791616200 .functor AND 1, v0x7f9791615b00_0, v0x7f9791615b80_0, C4<1>, C4<1>;
L_0x7f9791616360 .functor NOT 1, v0x7f9791615c00_0, C4<0>, C4<0>, C4<0>;
L_0x7f9791616440 .functor AND 1, L_0x7f9791616200, L_0x7f9791616360, C4<1>, C4<1>;
L_0x7f97916164e0 .functor AND 1, v0x7f9791615b00_0, v0x7f9791615b80_0, C4<1>, C4<1>;
L_0x7f97916165a0 .functor AND 1, L_0x7f97916164e0, v0x7f9791615c00_0, C4<1>, C4<1>;
v0x7f9791605000_0 .alias "A", 0 0, v0x7f9791615900_0;
v0x7f9791614fb0_0 .alias "B", 0 0, v0x7f9791615980_0;
v0x7f9791615040_0 .alias "C", 0 0, v0x7f9791615a00_0;
v0x7f97916150c0_0 .alias "D", 0 0, v0x7f9791615a80_0;
v0x7f9791615150_0 .net "X", 0 0, v0x7f9791615b00_0; 1 drivers
v0x7f9791615210_0 .net *"_s0", 0 0, L_0x7f9791615cc0; 1 drivers
v0x7f97916152a0_0 .net *"_s10", 0 0, L_0x7f9791616080; 1 drivers
v0x7f9791615360_0 .net *"_s14", 0 0, L_0x7f9791616200; 1 drivers
v0x7f97916153e0_0 .net *"_s16", 0 0, L_0x7f9791616360; 1 drivers
v0x7f97916154b0_0 .net *"_s2", 0 0, L_0x7f9791615d60; 1 drivers
v0x7f9791615530_0 .net *"_s20", 0 0, L_0x7f97916164e0; 1 drivers
v0x7f9791615610_0 .net *"_s4", 0 0, L_0x7f9791615e60; 1 drivers
v0x7f9791615690_0 .net *"_s8", 0 0, L_0x7f9791616020; 1 drivers
v0x7f9791615780_0 .net "sel1", 0 0, v0x7f9791615b80_0; 1 drivers
v0x7f9791615800_0 .net "sel2", 0 0, v0x7f9791615c00_0; 1 drivers
    .scope S_0x7f9791603310;
T_0 ;
    %set/v v0x7f9791615b00_0, 0, 1;
    %set/v v0x7f9791615b80_0, 0, 1;
    %set/v v0x7f9791615c00_0, 0, 1;
    %delay 10, 0;
    %set/v v0x7f9791615b00_0, 0, 1;
    %set/v v0x7f9791615b80_0, 0, 1;
    %set/v v0x7f9791615c00_0, 1, 1;
    %delay 10, 0;
    %set/v v0x7f9791615b00_0, 0, 1;
    %set/v v0x7f9791615b80_0, 1, 1;
    %set/v v0x7f9791615c00_0, 0, 1;
    %delay 10, 0;
    %set/v v0x7f9791615b00_0, 0, 1;
    %set/v v0x7f9791615b80_0, 1, 1;
    %set/v v0x7f9791615c00_0, 1, 1;
    %delay 10, 0;
    %set/v v0x7f9791615b00_0, 1, 1;
    %set/v v0x7f9791615b80_0, 0, 1;
    %set/v v0x7f9791615c00_0, 0, 1;
    %delay 10, 0;
    %set/v v0x7f9791615b00_0, 1, 1;
    %set/v v0x7f9791615b80_0, 0, 1;
    %set/v v0x7f9791615c00_0, 1, 1;
    %delay 10, 0;
    %set/v v0x7f9791615b00_0, 1, 1;
    %set/v v0x7f9791615b80_0, 1, 1;
    %set/v v0x7f9791615c00_0, 0, 1;
    %delay 10, 0;
    %set/v v0x7f9791615b00_0, 1, 1;
    %set/v v0x7f9791615b80_0, 1, 1;
    %set/v v0x7f9791615c00_0, 1, 1;
    %delay 10, 0;
    %vpi_call 2 24 "$finish";
    %end;
    .thread T_0;
    .scope S_0x7f9791603310;
T_1 ;
    %vpi_call 2 28 "$dumpfile", "demux.vcd";
    %vpi_call 2 29 "$dumpvars";
    %end;
    .thread T_1;
# The file index is used to find the file name in the following table.
:file_names 4;
    "N/A";
    "<interactive>";
    "demux_tb.v";
    "demux.v";
