#! /opt/local/bin/vvp
:ivl_version "0.9.7 " "(v0_9_7)";
:vpi_time_precision + 0;
:vpi_module "system";
:vpi_module "v2005_math";
:vpi_module "va_math";
S_0x7fc3e2f002a0 .scope module, "tb_bcd" "tb_bcd" 2 16;
 .timescale 0 0;
v0x7fc3e2f11170_0 .var "X", 3 0;
RS_0x10f586038 .resolv tri, L_0x7fc3e2f111f0, L_0x7fc3e2f11430, L_0x7fc3e2f11870, L_0x7fc3e2f11d40;
v0x7fc3e2f10f40_0 .net8 "Y", 3 0, RS_0x10f586038; 4 drivers
S_0x7fc3e2f00390 .scope module, "top" "bcd" 2 38, 2 1, S_0x7fc3e2f002a0;
 .timescale 0 0;
L_0x7fc3e2f11350 .functor NOT 1, L_0x7fc3e2f11280, C4<0>, C4<0>, C4<0>;
L_0x7fc3e2f116b0 .functor XOR 1, L_0x7fc3e2f114c0, L_0x7fc3e2f11550, C4<0>, C4<0>;
L_0x7fc3e2f11790 .functor NOT 1, L_0x7fc3e2f116b0, C4<0>, C4<0>, C4<0>;
L_0x7fc3e2f11b80 .functor OR 1, L_0x7fc3e2f11a10, L_0x7fc3e2f11aa0, C4<0>, C4<0>;
L_0x7fc3e2f11c20 .functor XOR 1, L_0x7fc3e2f11980, L_0x7fc3e2f11b80, C4<0>, C4<0>;
L_0x7fc3e2f11f60 .functor OR 1, L_0x7fc3e2f12050, L_0x7fc3e2f120e0, C4<0>, C4<0>;
L_0x7fc3e2f121f0 .functor AND 1, L_0x7fc3e2f11fc0, L_0x7fc3e2f11f60, C4<1>, C4<1>;
L_0x7fc3e2f122d0 .functor OR 1, L_0x7fc3e2f11dd0, L_0x7fc3e2f121f0, C4<0>, C4<0>;
v0x7fc3e2f00470_0 .net "X", 3 0, v0x7fc3e2f11170_0; 1 drivers
v0x7fc3e2f104f0_0 .alias "Y", 3 0, v0x7fc3e2f10f40_0;
v0x7fc3e2f10580_0 .net *"_s11", 0 0, L_0x7fc3e2f11550; 1 drivers
v0x7fc3e2f10600_0 .net *"_s12", 0 0, L_0x7fc3e2f116b0; 1 drivers
v0x7fc3e2f10690_0 .net *"_s14", 0 0, L_0x7fc3e2f11790; 1 drivers
v0x7fc3e2f10750_0 .net *"_s19", 0 0, L_0x7fc3e2f11980; 1 drivers
v0x7fc3e2f107e0_0 .net *"_s21", 0 0, L_0x7fc3e2f11a10; 1 drivers
v0x7fc3e2f108a0_0 .net *"_s23", 0 0, L_0x7fc3e2f11aa0; 1 drivers
v0x7fc3e2f10920_0 .net *"_s24", 0 0, L_0x7fc3e2f11b80; 1 drivers
v0x7fc3e2f109f0_0 .net *"_s26", 0 0, L_0x7fc3e2f11c20; 1 drivers
v0x7fc3e2f10a70_0 .net *"_s3", 0 0, L_0x7fc3e2f11280; 1 drivers
v0x7fc3e2f10b50_0 .net *"_s31", 0 0, L_0x7fc3e2f11dd0; 1 drivers
v0x7fc3e2f10bd0_0 .net *"_s33", 0 0, L_0x7fc3e2f11fc0; 1 drivers
v0x7fc3e2f10cc0_0 .net *"_s35", 0 0, L_0x7fc3e2f12050; 1 drivers
v0x7fc3e2f10d40_0 .net *"_s37", 0 0, L_0x7fc3e2f120e0; 1 drivers
v0x7fc3e2f10e40_0 .net *"_s38", 0 0, L_0x7fc3e2f11f60; 1 drivers
v0x7fc3e2f10ec0_0 .net *"_s4", 0 0, L_0x7fc3e2f11350; 1 drivers
v0x7fc3e2f10dc0_0 .net *"_s40", 0 0, L_0x7fc3e2f121f0; 1 drivers
v0x7fc3e2f10fd0_0 .net *"_s42", 0 0, L_0x7fc3e2f122d0; 1 drivers
v0x7fc3e2f110f0_0 .net *"_s9", 0 0, L_0x7fc3e2f114c0; 1 drivers
L_0x7fc3e2f111f0 .part/pv L_0x7fc3e2f11350, 0, 1, 4;
L_0x7fc3e2f11280 .part v0x7fc3e2f11170_0, 0, 1;
L_0x7fc3e2f11430 .part/pv L_0x7fc3e2f11790, 1, 1, 4;
L_0x7fc3e2f114c0 .part v0x7fc3e2f11170_0, 1, 1;
L_0x7fc3e2f11550 .part v0x7fc3e2f11170_0, 0, 1;
L_0x7fc3e2f11870 .part/pv L_0x7fc3e2f11c20, 2, 1, 4;
L_0x7fc3e2f11980 .part v0x7fc3e2f11170_0, 2, 1;
L_0x7fc3e2f11a10 .part v0x7fc3e2f11170_0, 1, 1;
L_0x7fc3e2f11aa0 .part v0x7fc3e2f11170_0, 0, 1;
L_0x7fc3e2f11d40 .part/pv L_0x7fc3e2f122d0, 3, 1, 4;
L_0x7fc3e2f11dd0 .part v0x7fc3e2f11170_0, 3, 1;
L_0x7fc3e2f11fc0 .part v0x7fc3e2f11170_0, 2, 1;
L_0x7fc3e2f12050 .part v0x7fc3e2f11170_0, 1, 1;
L_0x7fc3e2f120e0 .part v0x7fc3e2f11170_0, 0, 1;
    .scope S_0x7fc3e2f002a0;
T_0 ;
    %vpi_call 2 22 "$monitor", "X[0]=%b X[1]=%b X[2]=%b X[3]=%b \011 Y[0]=%b Y[1]=%b Y[2]=%b Y[3]=%b", &PV<v0x7fc3e2f11170_0, 0, 1>, &PV<v0x7fc3e2f11170_0, 1, 1>, &PV<v0x7fc3e2f11170_0, 2, 1>, &PV<v0x7fc3e2f11170_0, 3, 1>, &PV<v0x7fc3e2f10f40_0, 0, 1>, &PV<v0x7fc3e2f10f40_0, 1, 1>, &PV<v0x7fc3e2f10f40_0, 2, 1>, &PV<v0x7fc3e2f10f40_0, 3, 1>;
    %ix/load 0, 0, 0;
    %set/x0 v0x7fc3e2f11170_0, 0, 1;
    %ix/load 0, 1, 0;
    %set/x0 v0x7fc3e2f11170_0, 0, 1;
    %ix/load 0, 2, 0;
    %set/x0 v0x7fc3e2f11170_0, 0, 1;
    %ix/load 0, 3, 0;
    %set/x0 v0x7fc3e2f11170_0, 0, 1;
    %delay 5, 0;
    %set/v v0x7fc3e2f11170_0, 0, 4;
    %delay 5, 0;
    %movi 8, 1, 4;
    %set/v v0x7fc3e2f11170_0, 8, 4;
    %delay 5, 0;
    %movi 8, 2, 4;
    %set/v v0x7fc3e2f11170_0, 8, 4;
    %delay 5, 0;
    %movi 8, 3, 4;
    %set/v v0x7fc3e2f11170_0, 8, 4;
    %delay 5, 0;
    %movi 8, 4, 4;
    %set/v v0x7fc3e2f11170_0, 8, 4;
    %delay 5, 0;
    %movi 8, 5, 4;
    %set/v v0x7fc3e2f11170_0, 8, 4;
    %delay 5, 0;
    %vpi_call 2 35 "$finish";
    %end;
    .thread T_0;
# The file index is used to find the file name in the following table.
:file_names 3;
    "N/A";
    "<interactive>";
    "bcd.v";
