#! /opt/local/bin/vvp
:ivl_version "0.9.7 " "(v0_9_7)";
:vpi_time_precision + 0;
:vpi_module "system";
:vpi_module "v2005_math";
:vpi_module "va_math";
S_0x7fd41a50ab10 .scope module, "pseudo_tb" "pseudo_tb" 2 1;
 .timescale 0 0;
v0x7fd41a51b9d0_0 .net "a0", 0 0, v0x7fd41a51b4a0_0; 1 drivers
v0x7fd41a51ba50_0 .net "a1", 0 0, v0x7fd41a51b220_0; 1 drivers
v0x7fd41a51bad0_0 .net "a2", 0 0, v0x7fd41a51af40_0; 1 drivers
v0x7fd41a51bb50_0 .net "a3", 0 0, v0x7fd41a51acb0_0; 1 drivers
v0x7fd41a51bbd0_0 .var "clk", 0 0;
S_0x7fd41a50ac80 .scope module, "uut" "pseudo" 2 5, 3 1, S_0x7fd41a50ab10;
 .timescale 0 0;
L_0x7fd41a51bc80 .functor XOR 1, v0x7fd41a51af40_0, v0x7fd41a51acb0_0, C4<0>, C4<0>;
v0x7fd41a51b560_0 .alias "a0", 0 0, v0x7fd41a51b9d0_0;
v0x7fd41a51b620_0 .alias "a1", 0 0, v0x7fd41a51ba50_0;
v0x7fd41a51b6e0_0 .alias "a2", 0 0, v0x7fd41a51bad0_0;
v0x7fd41a51b7a0_0 .alias "a3", 0 0, v0x7fd41a51bb50_0;
v0x7fd41a51b820_0 .net "clk", 0 0, v0x7fd41a51bbd0_0; 1 drivers
v0x7fd41a51b950_0 .net "w1", 0 0, L_0x7fd41a51bc80; 1 drivers
S_0x7fd41a51b2c0 .scope module, "D1" "DFF" 3 8, 3 15, S_0x7fd41a50ac80;
 .timescale 0 0;
v0x7fd41a51b3a0_0 .alias "clk", 0 0, v0x7fd41a51b820_0;
v0x7fd41a51b420_0 .alias "data", 0 0, v0x7fd41a51b950_0;
v0x7fd41a51b4a0_0 .var "q", 0 0;
S_0x7fd41a51b000 .scope module, "D2" "DFF" 3 9, 3 15, S_0x7fd41a50ac80;
 .timescale 0 0;
v0x7fd41a51b0e0_0 .alias "clk", 0 0, v0x7fd41a51b820_0;
v0x7fd41a51b1a0_0 .alias "data", 0 0, v0x7fd41a51b9d0_0;
v0x7fd41a51b220_0 .var "q", 0 0;
S_0x7fd41a51ad30 .scope module, "D3" "DFF" 3 10, 3 15, S_0x7fd41a50ac80;
 .timescale 0 0;
v0x7fd41a51ae10_0 .alias "clk", 0 0, v0x7fd41a51b820_0;
v0x7fd41a51aec0_0 .alias "data", 0 0, v0x7fd41a51ba50_0;
v0x7fd41a51af40_0 .var "q", 0 0;
S_0x7fd41a50ad60 .scope module, "D4" "DFF" 3 11, 3 15, S_0x7fd41a50ac80;
 .timescale 0 0;
v0x7fd41a50abf0_0 .alias "clk", 0 0, v0x7fd41a51b820_0;
v0x7fd41a51ac20_0 .alias "data", 0 0, v0x7fd41a51bad0_0;
v0x7fd41a51acb0_0 .var "q", 0 0;
E_0x7fd41a503350 .event posedge, v0x7fd41a50abf0_0;
    .scope S_0x7fd41a51b2c0;
T_0 ;
    %set/v v0x7fd41a51b4a0_0, 1, 1;
    %end;
    .thread T_0;
    .scope S_0x7fd41a51b2c0;
T_1 ;
    %wait E_0x7fd41a503350;
    %load/v 8, v0x7fd41a51b420_0, 1;
    %ix/load 0, 1, 0;
    %assign/v0 v0x7fd41a51b4a0_0, 0, 8;
    %jmp T_1;
    .thread T_1;
    .scope S_0x7fd41a51b000;
T_2 ;
    %set/v v0x7fd41a51b220_0, 1, 1;
    %end;
    .thread T_2;
    .scope S_0x7fd41a51b000;
T_3 ;
    %wait E_0x7fd41a503350;
    %load/v 8, v0x7fd41a51b1a0_0, 1;
    %ix/load 0, 1, 0;
    %assign/v0 v0x7fd41a51b220_0, 0, 8;
    %jmp T_3;
    .thread T_3;
    .scope S_0x7fd41a51ad30;
T_4 ;
    %set/v v0x7fd41a51af40_0, 1, 1;
    %end;
    .thread T_4;
    .scope S_0x7fd41a51ad30;
T_5 ;
    %wait E_0x7fd41a503350;
    %load/v 8, v0x7fd41a51aec0_0, 1;
    %ix/load 0, 1, 0;
    %assign/v0 v0x7fd41a51af40_0, 0, 8;
    %jmp T_5;
    .thread T_5;
    .scope S_0x7fd41a50ad60;
T_6 ;
    %set/v v0x7fd41a51acb0_0, 1, 1;
    %end;
    .thread T_6;
    .scope S_0x7fd41a50ad60;
T_7 ;
    %wait E_0x7fd41a503350;
    %load/v 8, v0x7fd41a51ac20_0, 1;
    %ix/load 0, 1, 0;
    %assign/v0 v0x7fd41a51acb0_0, 0, 8;
    %jmp T_7;
    .thread T_7;
    .scope S_0x7fd41a50ab10;
T_8 ;
    %set/v v0x7fd41a51bbd0_0, 0, 1;
    %delay 10, 0;
    %load/v 8, v0x7fd41a51bbd0_0, 1;
    %inv 8, 1;
    %set/v v0x7fd41a51bbd0_0, 8, 1;
    %delay 10, 0;
    %load/v 8, v0x7fd41a51bbd0_0, 1;
    %inv 8, 1;
    %set/v v0x7fd41a51bbd0_0, 8, 1;
    %delay 10, 0;
    %load/v 8, v0x7fd41a51bbd0_0, 1;
    %inv 8, 1;
    %set/v v0x7fd41a51bbd0_0, 8, 1;
    %delay 10, 0;
    %load/v 8, v0x7fd41a51bbd0_0, 1;
    %inv 8, 1;
    %set/v v0x7fd41a51bbd0_0, 8, 1;
    %delay 10, 0;
    %load/v 8, v0x7fd41a51bbd0_0, 1;
    %inv 8, 1;
    %set/v v0x7fd41a51bbd0_0, 8, 1;
    %delay 10, 0;
    %load/v 8, v0x7fd41a51bbd0_0, 1;
    %inv 8, 1;
    %set/v v0x7fd41a51bbd0_0, 8, 1;
    %delay 10, 0;
    %load/v 8, v0x7fd41a51bbd0_0, 1;
    %inv 8, 1;
    %set/v v0x7fd41a51bbd0_0, 8, 1;
    %delay 10, 0;
    %load/v 8, v0x7fd41a51bbd0_0, 1;
    %inv 8, 1;
    %set/v v0x7fd41a51bbd0_0, 8, 1;
    %delay 10, 0;
    %load/v 8, v0x7fd41a51bbd0_0, 1;
    %inv 8, 1;
    %set/v v0x7fd41a51bbd0_0, 8, 1;
    %delay 10, 0;
    %load/v 8, v0x7fd41a51bbd0_0, 1;
    %inv 8, 1;
    %set/v v0x7fd41a51bbd0_0, 8, 1;
    %delay 10, 0;
    %load/v 8, v0x7fd41a51bbd0_0, 1;
    %inv 8, 1;
    %set/v v0x7fd41a51bbd0_0, 8, 1;
    %delay 10, 0;
    %load/v 8, v0x7fd41a51bbd0_0, 1;
    %inv 8, 1;
    %set/v v0x7fd41a51bbd0_0, 8, 1;
    %delay 10, 0;
    %load/v 8, v0x7fd41a51bbd0_0, 1;
    %inv 8, 1;
    %set/v v0x7fd41a51bbd0_0, 8, 1;
    %delay 10, 0;
    %load/v 8, v0x7fd41a51bbd0_0, 1;
    %inv 8, 1;
    %set/v v0x7fd41a51bbd0_0, 8, 1;
    %delay 10, 0;
    %load/v 8, v0x7fd41a51bbd0_0, 1;
    %inv 8, 1;
    %set/v v0x7fd41a51bbd0_0, 8, 1;
    %delay 10, 0;
    %load/v 8, v0x7fd41a51bbd0_0, 1;
    %inv 8, 1;
    %set/v v0x7fd41a51bbd0_0, 8, 1;
    %delay 10, 0;
    %load/v 8, v0x7fd41a51bbd0_0, 1;
    %inv 8, 1;
    %set/v v0x7fd41a51bbd0_0, 8, 1;
    %delay 10, 0;
    %load/v 8, v0x7fd41a51bbd0_0, 1;
    %inv 8, 1;
    %set/v v0x7fd41a51bbd0_0, 8, 1;
    %delay 10, 0;
    %load/v 8, v0x7fd41a51bbd0_0, 1;
    %inv 8, 1;
    %set/v v0x7fd41a51bbd0_0, 8, 1;
    %delay 10, 0;
    %load/v 8, v0x7fd41a51bbd0_0, 1;
    %inv 8, 1;
    %set/v v0x7fd41a51bbd0_0, 8, 1;
    %delay 10, 0;
    %load/v 8, v0x7fd41a51bbd0_0, 1;
    %inv 8, 1;
    %set/v v0x7fd41a51bbd0_0, 8, 1;
    %delay 10, 0;
    %load/v 8, v0x7fd41a51bbd0_0, 1;
    %inv 8, 1;
    %set/v v0x7fd41a51bbd0_0, 8, 1;
    %delay 10, 0;
    %load/v 8, v0x7fd41a51bbd0_0, 1;
    %inv 8, 1;
    %set/v v0x7fd41a51bbd0_0, 8, 1;
    %delay 10, 0;
    %load/v 8, v0x7fd41a51bbd0_0, 1;
    %inv 8, 1;
    %set/v v0x7fd41a51bbd0_0, 8, 1;
    %delay 10, 0;
    %load/v 8, v0x7fd41a51bbd0_0, 1;
    %inv 8, 1;
    %set/v v0x7fd41a51bbd0_0, 8, 1;
    %delay 10, 0;
    %load/v 8, v0x7fd41a51bbd0_0, 1;
    %inv 8, 1;
    %set/v v0x7fd41a51bbd0_0, 8, 1;
    %delay 10, 0;
    %load/v 8, v0x7fd41a51bbd0_0, 1;
    %inv 8, 1;
    %set/v v0x7fd41a51bbd0_0, 8, 1;
    %delay 10, 0;
    %load/v 8, v0x7fd41a51bbd0_0, 1;
    %inv 8, 1;
    %set/v v0x7fd41a51bbd0_0, 8, 1;
    %delay 10, 0;
    %load/v 8, v0x7fd41a51bbd0_0, 1;
    %inv 8, 1;
    %set/v v0x7fd41a51bbd0_0, 8, 1;
    %delay 10, 0;
    %load/v 8, v0x7fd41a51bbd0_0, 1;
    %inv 8, 1;
    %set/v v0x7fd41a51bbd0_0, 8, 1;
    %delay 10, 0;
    %load/v 8, v0x7fd41a51bbd0_0, 1;
    %inv 8, 1;
    %set/v v0x7fd41a51bbd0_0, 8, 1;
    %delay 10, 0;
    %load/v 8, v0x7fd41a51bbd0_0, 1;
    %inv 8, 1;
    %set/v v0x7fd41a51bbd0_0, 8, 1;
    %delay 10, 0;
    %load/v 8, v0x7fd41a51bbd0_0, 1;
    %inv 8, 1;
    %set/v v0x7fd41a51bbd0_0, 8, 1;
    %delay 10, 0;
    %load/v 8, v0x7fd41a51bbd0_0, 1;
    %inv 8, 1;
    %set/v v0x7fd41a51bbd0_0, 8, 1;
    %delay 10, 0;
    %load/v 8, v0x7fd41a51bbd0_0, 1;
    %inv 8, 1;
    %set/v v0x7fd41a51bbd0_0, 8, 1;
    %delay 10, 0;
    %load/v 8, v0x7fd41a51bbd0_0, 1;
    %inv 8, 1;
    %set/v v0x7fd41a51bbd0_0, 8, 1;
    %delay 10, 0;
    %load/v 8, v0x7fd41a51bbd0_0, 1;
    %inv 8, 1;
    %set/v v0x7fd41a51bbd0_0, 8, 1;
    %delay 10, 0;
    %load/v 8, v0x7fd41a51bbd0_0, 1;
    %inv 8, 1;
    %set/v v0x7fd41a51bbd0_0, 8, 1;
    %delay 10, 0;
    %load/v 8, v0x7fd41a51bbd0_0, 1;
    %inv 8, 1;
    %set/v v0x7fd41a51bbd0_0, 8, 1;
    %delay 10, 0;
    %load/v 8, v0x7fd41a51bbd0_0, 1;
    %inv 8, 1;
    %set/v v0x7fd41a51bbd0_0, 8, 1;
    %delay 10, 0;
    %load/v 8, v0x7fd41a51bbd0_0, 1;
    %inv 8, 1;
    %set/v v0x7fd41a51bbd0_0, 8, 1;
    %delay 10, 0;
    %load/v 8, v0x7fd41a51bbd0_0, 1;
    %inv 8, 1;
    %set/v v0x7fd41a51bbd0_0, 8, 1;
    %delay 10, 0;
    %load/v 8, v0x7fd41a51bbd0_0, 1;
    %inv 8, 1;
    %set/v v0x7fd41a51bbd0_0, 8, 1;
    %delay 10, 0;
    %load/v 8, v0x7fd41a51bbd0_0, 1;
    %inv 8, 1;
    %set/v v0x7fd41a51bbd0_0, 8, 1;
    %delay 10, 0;
    %load/v 8, v0x7fd41a51bbd0_0, 1;
    %inv 8, 1;
    %set/v v0x7fd41a51bbd0_0, 8, 1;
    %delay 10, 0;
    %load/v 8, v0x7fd41a51bbd0_0, 1;
    %inv 8, 1;
    %set/v v0x7fd41a51bbd0_0, 8, 1;
    %delay 10, 0;
    %load/v 8, v0x7fd41a51bbd0_0, 1;
    %inv 8, 1;
    %set/v v0x7fd41a51bbd0_0, 8, 1;
    %delay 10, 0;
    %load/v 8, v0x7fd41a51bbd0_0, 1;
    %inv 8, 1;
    %set/v v0x7fd41a51bbd0_0, 8, 1;
    %delay 10, 0;
    %load/v 8, v0x7fd41a51bbd0_0, 1;
    %inv 8, 1;
    %set/v v0x7fd41a51bbd0_0, 8, 1;
    %delay 10, 0;
    %load/v 8, v0x7fd41a51bbd0_0, 1;
    %inv 8, 1;
    %set/v v0x7fd41a51bbd0_0, 8, 1;
    %delay 10, 0;
    %load/v 8, v0x7fd41a51bbd0_0, 1;
    %inv 8, 1;
    %set/v v0x7fd41a51bbd0_0, 8, 1;
    %delay 10, 0;
    %load/v 8, v0x7fd41a51bbd0_0, 1;
    %inv 8, 1;
    %set/v v0x7fd41a51bbd0_0, 8, 1;
    %delay 10, 0;
    %load/v 8, v0x7fd41a51bbd0_0, 1;
    %inv 8, 1;
    %set/v v0x7fd41a51bbd0_0, 8, 1;
    %delay 10, 0;
    %load/v 8, v0x7fd41a51bbd0_0, 1;
    %inv 8, 1;
    %set/v v0x7fd41a51bbd0_0, 8, 1;
    %delay 10, 0;
    %load/v 8, v0x7fd41a51bbd0_0, 1;
    %inv 8, 1;
    %set/v v0x7fd41a51bbd0_0, 8, 1;
    %delay 10, 0;
    %load/v 8, v0x7fd41a51bbd0_0, 1;
    %inv 8, 1;
    %set/v v0x7fd41a51bbd0_0, 8, 1;
    %delay 10, 0;
    %load/v 8, v0x7fd41a51bbd0_0, 1;
    %inv 8, 1;
    %set/v v0x7fd41a51bbd0_0, 8, 1;
    %delay 10, 0;
    %load/v 8, v0x7fd41a51bbd0_0, 1;
    %inv 8, 1;
    %set/v v0x7fd41a51bbd0_0, 8, 1;
    %delay 10, 0;
    %load/v 8, v0x7fd41a51bbd0_0, 1;
    %inv 8, 1;
    %set/v v0x7fd41a51bbd0_0, 8, 1;
    %delay 10, 0;
    %load/v 8, v0x7fd41a51bbd0_0, 1;
    %inv 8, 1;
    %set/v v0x7fd41a51bbd0_0, 8, 1;
    %delay 10, 0;
    %load/v 8, v0x7fd41a51bbd0_0, 1;
    %inv 8, 1;
    %set/v v0x7fd41a51bbd0_0, 8, 1;
    %delay 10, 0;
    %load/v 8, v0x7fd41a51bbd0_0, 1;
    %inv 8, 1;
    %set/v v0x7fd41a51bbd0_0, 8, 1;
    %delay 10, 0;
    %load/v 8, v0x7fd41a51bbd0_0, 1;
    %inv 8, 1;
    %set/v v0x7fd41a51bbd0_0, 8, 1;
    %delay 10, 0;
    %load/v 8, v0x7fd41a51bbd0_0, 1;
    %inv 8, 1;
    %set/v v0x7fd41a51bbd0_0, 8, 1;
    %delay 10, 0;
    %load/v 8, v0x7fd41a51bbd0_0, 1;
    %inv 8, 1;
    %set/v v0x7fd41a51bbd0_0, 8, 1;
    %delay 10, 0;
    %load/v 8, v0x7fd41a51bbd0_0, 1;
    %inv 8, 1;
    %set/v v0x7fd41a51bbd0_0, 8, 1;
    %delay 10, 0;
    %load/v 8, v0x7fd41a51bbd0_0, 1;
    %inv 8, 1;
    %set/v v0x7fd41a51bbd0_0, 8, 1;
    %delay 10, 0;
    %load/v 8, v0x7fd41a51bbd0_0, 1;
    %inv 8, 1;
    %set/v v0x7fd41a51bbd0_0, 8, 1;
    %delay 10, 0;
    %load/v 8, v0x7fd41a51bbd0_0, 1;
    %inv 8, 1;
    %set/v v0x7fd41a51bbd0_0, 8, 1;
    %delay 10, 0;
    %load/v 8, v0x7fd41a51bbd0_0, 1;
    %inv 8, 1;
    %set/v v0x7fd41a51bbd0_0, 8, 1;
    %delay 10, 0;
    %load/v 8, v0x7fd41a51bbd0_0, 1;
    %inv 8, 1;
    %set/v v0x7fd41a51bbd0_0, 8, 1;
    %delay 10, 0;
    %load/v 8, v0x7fd41a51bbd0_0, 1;
    %inv 8, 1;
    %set/v v0x7fd41a51bbd0_0, 8, 1;
    %delay 10, 0;
    %load/v 8, v0x7fd41a51bbd0_0, 1;
    %inv 8, 1;
    %set/v v0x7fd41a51bbd0_0, 8, 1;
    %delay 10, 0;
    %load/v 8, v0x7fd41a51bbd0_0, 1;
    %inv 8, 1;
    %set/v v0x7fd41a51bbd0_0, 8, 1;
    %delay 10, 0;
    %load/v 8, v0x7fd41a51bbd0_0, 1;
    %inv 8, 1;
    %set/v v0x7fd41a51bbd0_0, 8, 1;
    %delay 10, 0;
    %load/v 8, v0x7fd41a51bbd0_0, 1;
    %inv 8, 1;
    %set/v v0x7fd41a51bbd0_0, 8, 1;
    %delay 10, 0;
    %load/v 8, v0x7fd41a51bbd0_0, 1;
    %inv 8, 1;
    %set/v v0x7fd41a51bbd0_0, 8, 1;
    %delay 10, 0;
    %load/v 8, v0x7fd41a51bbd0_0, 1;
    %inv 8, 1;
    %set/v v0x7fd41a51bbd0_0, 8, 1;
    %delay 10, 0;
    %vpi_call 2 93 "$finish";
    %end;
    .thread T_8;
    .scope S_0x7fd41a50ab10;
T_9 ;
    %vpi_call 2 97 "$dumpfile", "test.vcd";
    %vpi_call 2 98 "$dumpvars";
    %end;
    .thread T_9;
# The file index is used to find the file name in the following table.
:file_names 4;
    "N/A";
    "<interactive>";
    "pseudo_tb.v";
    "pseudo.v";
