#! /opt/local/bin/vvp
:ivl_version "0.9.7 " "(v0_9_7)";
:vpi_time_precision + 0;
:vpi_module "system";
:vpi_module "v2005_math";
:vpi_module "va_math";
S_0x7feb297005a0 .scope module, "parity_tb" "parity_tb" 2 1;
 .timescale 0 0;
v0x7feb29713260_0 .var "data_in", 3 0;
v0x7feb29713310_0 .net "parity_out", 0 0, L_0x7feb29713890; 1 drivers
S_0x7feb29702ec0 .scope module, "uut" "parity" 2 5, 3 1, S_0x7feb297005a0;
 .timescale 0 0;
L_0x7feb29713510 .functor XOR 1, L_0x7feb29713390, L_0x7feb29713480, C4<0>, C4<0>;
L_0x7feb297137b0 .functor XOR 1, L_0x7feb29713610, L_0x7feb29713720, C4<0>, C4<0>;
L_0x7feb29713890 .functor XOR 1, L_0x7feb29713510, L_0x7feb297137b0, C4<0>, C4<0>;
v0x7feb29701000_0 .net *"_s1", 0 0, L_0x7feb29713390; 1 drivers
v0x7feb29712e30_0 .net *"_s10", 0 0, L_0x7feb297137b0; 1 drivers
v0x7feb29712ec0_0 .net *"_s3", 0 0, L_0x7feb29713480; 1 drivers
v0x7feb29712f40_0 .net *"_s4", 0 0, L_0x7feb29713510; 1 drivers
v0x7feb29712fd0_0 .net *"_s7", 0 0, L_0x7feb29713610; 1 drivers
v0x7feb29713090_0 .net *"_s9", 0 0, L_0x7feb29713720; 1 drivers
v0x7feb29713120_0 .net "data_in", 3 0, v0x7feb29713260_0; 1 drivers
v0x7feb297131e0_0 .alias "parity_out", 0 0, v0x7feb29713310_0;
L_0x7feb29713390 .part v0x7feb29713260_0, 0, 1;
L_0x7feb29713480 .part v0x7feb29713260_0, 1, 1;
L_0x7feb29713610 .part v0x7feb29713260_0, 2, 1;
L_0x7feb29713720 .part v0x7feb29713260_0, 3, 1;
    .scope S_0x7feb297005a0;
T_0 ;
    %set/v v0x7feb29713260_0, 0, 4;
    %delay 10, 0;
    %movi 8, 8, 4;
    %set/v v0x7feb29713260_0, 8, 4;
    %delay 10, 0;
    %movi 8, 10, 4;
    %set/v v0x7feb29713260_0, 8, 4;
    %delay 10, 0;
    %movi 8, 11, 4;
    %set/v v0x7feb29713260_0, 8, 4;
    %delay 10, 0;
    %movi 8, 2, 4;
    %set/v v0x7feb29713260_0, 8, 4;
    %delay 10, 0;
    %movi 8, 14, 4;
    %set/v v0x7feb29713260_0, 8, 4;
    %delay 10, 0;
    %set/v v0x7feb29713260_0, 1, 4;
    %delay 10, 0;
    %movi 8, 9, 4;
    %set/v v0x7feb29713260_0, 8, 4;
    %delay 10, 0;
    %vpi_call 2 19 "$finish";
    %end;
    .thread T_0;
    .scope S_0x7feb297005a0;
T_1 ;
    %vpi_call 2 23 "$dumpfile", "parity.vcd";
    %vpi_call 2 24 "$dumpvars";
    %end;
    .thread T_1;
# The file index is used to find the file name in the following table.
:file_names 4;
    "N/A";
    "<interactive>";
    "parity_tb.v";
    "parity.v";
