#! /opt/local/bin/vvp
:ivl_version "0.9.7 " "(v0_9_7)";
:vpi_time_precision + 0;
:vpi_module "system";
:vpi_module "v2005_math";
:vpi_module "va_math";
S_0x7fe209602cc0 .scope module, "counter_tb" "counter_tb" 2 2;
 .timescale 0 0;
v0x7fe209613060_0 .var "clock", 0 0;
v0x7fe209613110_0 .net "counter_out", 3 0, v0x7fe209612ec0_0; 1 drivers
v0x7fe2096131b0_0 .var "enable", 0 0;
v0x7fe209613270_0 .var "reset", 0 0;
S_0x7fe209602da0 .scope module, "U_counter" "counter" 2 22, 3 1, S_0x7fe209602cc0;
 .timescale 0 0;
v0x7fe209602e80_0 .net "clock", 0 0, v0x7fe209613060_0; 1 drivers
v0x7fe209612ec0_0 .var "counter_out", 3 0;
v0x7fe209612f50_0 .net "enable", 0 0, v0x7fe2096131b0_0; 1 drivers
v0x7fe209612fd0_0 .net "reset", 0 0, v0x7fe209613270_0; 1 drivers
E_0x7fe2096028c0 .event posedge, v0x7fe209602e80_0;
    .scope S_0x7fe209602da0;
T_0 ;
    %wait E_0x7fe2096028c0;
    %load/v 8, v0x7fe209612fd0_0, 1;
    %jmp/0xz  T_0.0, 8;
    %ix/load 0, 4, 0;
    %assign/v0 v0x7fe209612ec0_0, 0, 0;
    %jmp T_0.1;
T_0.0 ;
    %load/v 8, v0x7fe209612f50_0, 1;
    %jmp/0xz  T_0.2, 8;
    %load/v 8, v0x7fe209612ec0_0, 4;
    %mov 12, 0, 28;
    %addi 8, 1, 32;
    %ix/load 0, 4, 0;
    %assign/v0 v0x7fe209612ec0_0, 1, 8;
T_0.2 ;
T_0.1 ;
    %jmp T_0;
    .thread T_0;
    .scope S_0x7fe209602cc0;
T_1 ;
    %vpi_call 2 6 "$display", "time\011clk reset enable counter";
    %vpi_call 2 7 "$monitor", "%g\011%b %b %b %b", $time, v0x7fe209613060_0, v0x7fe209613270_0, v0x7fe2096131b0_0, v0x7fe209613110_0;
    %set/v v0x7fe209613060_0, 1, 1;
    %set/v v0x7fe209613270_0, 0, 1;
    %set/v v0x7fe2096131b0_0, 0, 1;
    %delay 5, 0;
    %set/v v0x7fe209613270_0, 1, 1;
    %delay 10, 0;
    %set/v v0x7fe209613270_0, 0, 1;
    %delay 5, 0;
    %set/v v0x7fe2096131b0_0, 1, 1;
    %delay 100, 0;
    %set/v v0x7fe2096131b0_0, 0, 1;
    %delay 10, 0;
    %vpi_call 2 15 "$finish";
    %end;
    .thread T_1;
    .scope S_0x7fe209602cc0;
T_2 ;
    %delay 5, 0;
    %load/v 8, v0x7fe209613060_0, 1;
    %inv 8, 1;
    %set/v v0x7fe209613060_0, 8, 1;
    %jmp T_2;
    .thread T_2;
# The file index is used to find the file name in the following table.
:file_names 4;
    "N/A";
    "<interactive>";
    "counter_tb.v";
    "counter.v";
