#! /opt/local/bin/vvp
:ivl_version "0.9.7 " "(v0_9_7)";
:vpi_time_precision + 0;
:vpi_module "system";
:vpi_module "v2005_math";
:vpi_module "va_math";
S_0x7fd673602e50 .scope module, "counter_test" "counter_test" 2 1;
 .timescale 0 0;
v0x7fd6736153b0_0 .var "clk", 0 0;
v0x7fd6736154b0_0 .var "load", 0 0;
v0x7fd6736155b0_0 .var "p", 2 0;
RS_0x1065f42d8 .resolv tri, L_0x7fd6736157b0, L_0x7fd673615950, L_0x7fd673615be0, C4<zzz>;
v0x7fd673615630_0 .net8 "q", 2 0, RS_0x1065f42d8; 3 drivers
v0x7fd6736156b0_0 .var "rst_n", 0 0;
E_0x7fd673602f30 .event posedge, v0x7fd673603fd0_0;
S_0x7fd673601150 .scope module, "uut" "counter" 2 12, 3 8, S_0x7fd673602e50;
 .timescale 0 0;
L_0x7fd673615da0 .functor AND 1, L_0x7fd673615e40, L_0x7fd673615f10, C4<1>, C4<1>;
v0x7fd673614f20_0 .net *"_s17", 0 0, L_0x7fd673615e40; 1 drivers
v0x7fd673614fa0_0 .net *"_s19", 0 0, L_0x7fd673615f10; 1 drivers
v0x7fd673615030_0 .net "clk", 0 0, v0x7fd6736153b0_0; 1 drivers
v0x7fd6736150b0_0 .net "load", 0 0, v0x7fd6736154b0_0; 1 drivers
v0x7fd673615130_0 .net "p", 2 0, v0x7fd6736155b0_0; 1 drivers
v0x7fd6736151e0_0 .alias "q", 2 0, v0x7fd673615630_0;
v0x7fd673615270_0 .net "rst_n", 0 0, v0x7fd6736156b0_0; 1 drivers
v0x7fd673615330_0 .net "t2", 0 0, L_0x7fd673615da0; 1 drivers
L_0x7fd6736157b0 .part/pv v0x7fd673614d30_0, 0, 1, 3;
L_0x7fd673615860 .part v0x7fd6736155b0_0, 0, 1;
L_0x7fd673615950 .part/pv v0x7fd6736148a0_0, 1, 1, 3;
L_0x7fd673615a00 .part RS_0x1065f42d8, 0, 1;
L_0x7fd673615b30 .part v0x7fd6736155b0_0, 1, 1;
L_0x7fd673615be0 .part/pv v0x7fd673614410_0, 2, 1, 3;
L_0x7fd673615c70 .part v0x7fd6736155b0_0, 2, 1;
L_0x7fd673615e40 .part RS_0x1065f42d8, 0, 1;
L_0x7fd673615f10 .part RS_0x1065f42d8, 1, 1;
S_0x7fd673614a50 .scope module, "ff0" "t_ff" 3 10, 3 1, S_0x7fd673601150;
 .timescale 0 0;
v0x7fd673614b30_0 .alias "clk", 0 0, v0x7fd673615030_0;
v0x7fd673614bf0_0 .alias "load", 0 0, v0x7fd6736150b0_0;
v0x7fd673614cb0_0 .net "p", 0 0, L_0x7fd673615860; 1 drivers
v0x7fd673614d30_0 .var "q", 0 0;
v0x7fd673614db0_0 .alias "rst_n", 0 0, v0x7fd673615270_0;
v0x7fd673614ea0_0 .net "t", 0 0, C4<1>; 1 drivers
S_0x7fd6736145f0 .scope module, "ff1" "t_ff" 3 11, 3 1, S_0x7fd673601150;
 .timescale 0 0;
v0x7fd6736146d0_0 .alias "clk", 0 0, v0x7fd673615030_0;
v0x7fd673614760_0 .alias "load", 0 0, v0x7fd6736150b0_0;
v0x7fd673614800_0 .net "p", 0 0, L_0x7fd673615b30; 1 drivers
v0x7fd6736148a0_0 .var "q", 0 0;
v0x7fd673614920_0 .alias "rst_n", 0 0, v0x7fd673615270_0;
v0x7fd6736149d0_0 .net "t", 0 0, L_0x7fd673615a00; 1 drivers
S_0x7fd673602450 .scope module, "ff2" "t_ff" 3 12, 3 1, S_0x7fd673601150;
 .timescale 0 0;
v0x7fd673603fd0_0 .alias "clk", 0 0, v0x7fd673615030_0;
v0x7fd673614300_0 .alias "load", 0 0, v0x7fd6736150b0_0;
v0x7fd673614390_0 .net "p", 0 0, L_0x7fd673615c70; 1 drivers
v0x7fd673614410_0 .var "q", 0 0;
v0x7fd6736144a0_0 .alias "rst_n", 0 0, v0x7fd673615270_0;
v0x7fd673614560_0 .alias "t", 0 0, v0x7fd673615330_0;
E_0x7fd673601230/0 .event negedge, v0x7fd6736144a0_0;
E_0x7fd673601230/1 .event posedge, v0x7fd673603fd0_0;
E_0x7fd673601230 .event/or E_0x7fd673601230/0, E_0x7fd673601230/1;
    .scope S_0x7fd673614a50;
T_0 ;
    %wait E_0x7fd673601230;
    %load/v 8, v0x7fd673614db0_0, 1;
    %inv 8, 1;
    %jmp/0xz  T_0.0, 8;
    %ix/load 0, 1, 0;
    %assign/v0 v0x7fd673614d30_0, 0, 0;
    %jmp T_0.1;
T_0.0 ;
    %load/v 8, v0x7fd673614bf0_0, 1;
    %jmp/0xz  T_0.2, 8;
    %load/v 8, v0x7fd673614cb0_0, 1;
    %ix/load 0, 1, 0;
    %assign/v0 v0x7fd673614d30_0, 0, 8;
    %jmp T_0.3;
T_0.2 ;
    %load/v 8, v0x7fd673614ea0_0, 1;
    %jmp/0xz  T_0.4, 8;
    %load/v 8, v0x7fd673614d30_0, 1;
    %inv 8, 1;
    %ix/load 0, 1, 0;
    %assign/v0 v0x7fd673614d30_0, 0, 8;
T_0.4 ;
T_0.3 ;
T_0.1 ;
    %jmp T_0;
    .thread T_0;
    .scope S_0x7fd6736145f0;
T_1 ;
    %wait E_0x7fd673601230;
    %load/v 8, v0x7fd673614920_0, 1;
    %inv 8, 1;
    %jmp/0xz  T_1.0, 8;
    %ix/load 0, 1, 0;
    %assign/v0 v0x7fd6736148a0_0, 0, 0;
    %jmp T_1.1;
T_1.0 ;
    %load/v 8, v0x7fd673614760_0, 1;
    %jmp/0xz  T_1.2, 8;
    %load/v 8, v0x7fd673614800_0, 1;
    %ix/load 0, 1, 0;
    %assign/v0 v0x7fd6736148a0_0, 0, 8;
    %jmp T_1.3;
T_1.2 ;
    %load/v 8, v0x7fd6736149d0_0, 1;
    %jmp/0xz  T_1.4, 8;
    %load/v 8, v0x7fd6736148a0_0, 1;
    %inv 8, 1;
    %ix/load 0, 1, 0;
    %assign/v0 v0x7fd6736148a0_0, 0, 8;
T_1.4 ;
T_1.3 ;
T_1.1 ;
    %jmp T_1;
    .thread T_1;
    .scope S_0x7fd673602450;
T_2 ;
    %wait E_0x7fd673601230;
    %load/v 8, v0x7fd6736144a0_0, 1;
    %inv 8, 1;
    %jmp/0xz  T_2.0, 8;
    %ix/load 0, 1, 0;
    %assign/v0 v0x7fd673614410_0, 0, 0;
    %jmp T_2.1;
T_2.0 ;
    %load/v 8, v0x7fd673614300_0, 1;
    %jmp/0xz  T_2.2, 8;
    %load/v 8, v0x7fd673614390_0, 1;
    %ix/load 0, 1, 0;
    %assign/v0 v0x7fd673614410_0, 0, 8;
    %jmp T_2.3;
T_2.2 ;
    %load/v 8, v0x7fd673614560_0, 1;
    %jmp/0xz  T_2.4, 8;
    %load/v 8, v0x7fd673614410_0, 1;
    %inv 8, 1;
    %ix/load 0, 1, 0;
    %assign/v0 v0x7fd673614410_0, 0, 8;
T_2.4 ;
T_2.3 ;
T_2.1 ;
    %jmp T_2;
    .thread T_2;
    .scope S_0x7fd673602e50;
T_3 ;
    %ix/load 0, 1, 0;
    %assign/v0 v0x7fd6736153b0_0, 0, 0;
T_3.0 ;
    %delay 5, 0;
    %load/v 8, v0x7fd6736153b0_0, 1;
    %inv 8, 1;
    %ix/load 0, 1, 0;
    %assign/v0 v0x7fd6736153b0_0, 0, 8;
    %jmp T_3.0;
    %end;
    .thread T_3;
    .scope S_0x7fd673602e50;
T_4 ;
    %ix/load 0, 1, 0;
    %assign/v0 v0x7fd6736154b0_0, 0, 1;
    %movi 8, 5, 3;
    %set/v v0x7fd6736155b0_0, 8, 3;
    %ix/load 0, 1, 0;
    %assign/v0 v0x7fd6736156b0_0, 0, 1;
    %wait E_0x7fd673602f30;
    %ix/load 0, 1, 0;
    %assign/v0 v0x7fd6736154b0_0, 0, 0;
    %movi 8, 20, 6;
T_4.0 %cmp/s 0, 8, 6;
    %jmp/0xz T_4.1, 5;
    %add 8, 1, 6;
    %wait E_0x7fd673602f30;
    %jmp T_4.0;
T_4.1 ;
    %delay 0, 0;
    %ix/load 0, 1, 0;
    %assign/v0 v0x7fd6736154b0_0, 0, 1;
    %wait E_0x7fd673602f30;
    %ix/load 0, 1, 0;
    %assign/v0 v0x7fd6736154b0_0, 0, 0;
    %movi 8, 10, 5;
T_4.2 %cmp/s 0, 8, 5;
    %jmp/0xz T_4.3, 5;
    %add 8, 1, 5;
    %wait E_0x7fd673602f30;
    %jmp T_4.2;
T_4.3 ;
    %vpi_call 2 36 "$finish";
    %end;
    .thread T_4;
    .scope S_0x7fd673602e50;
T_5 ;
    %vpi_call 2 40 "$dumpfile", "counter.vcd";
    %vpi_call 2 41 "$dumpvars";
    %end;
    .thread T_5;
# The file index is used to find the file name in the following table.
:file_names 4;
    "N/A";
    "<interactive>";
    "tffcounter_tb.v";
    "tffcounter.v";
