#! /opt/local/bin/vvp
:ivl_version "0.9.7 " "(v0_9_7)";
:vpi_time_precision + 0;
:vpi_module "system";
:vpi_module "v2005_math";
:vpi_module "va_math";
S_0x7f9e8ac0a690 .scope module, "tb_demux" "tb_demux" 2 15;
 .timescale 0 0;
v0x7f9e8ac1b240_0 .var "S1", 0 0;
v0x7f9e8ac1b2c0_0 .var "S2", 0 0;
v0x7f9e8ac1b340_0 .var "X", 0 0;
RS_0x104062098 .resolv tri, L_0x7f9e8ac1b440, L_0x7f9e8ac1b850, L_0x7f9e8ac1bb30, L_0x7f9e8ac1bed0;
v0x7f9e8ac1b3c0_0 .net8 "Y", 3 0, RS_0x104062098; 4 drivers
S_0x7f9e8ac0a770 .scope module, "top" "demux" 2 35, 2 1, S_0x7f9e8ac0a690;
 .timescale 0 0;
L_0x7f9e8ac1b4d0 .functor NOT 1, v0x7f9e8ac1b240_0, C4<0>, C4<0>, C4<0>;
L_0x7f9e8ac1b590 .functor AND 1, v0x7f9e8ac1b340_0, L_0x7f9e8ac1b4d0, C4<1>, C4<1>;
L_0x7f9e8ac1b690 .functor NOT 1, v0x7f9e8ac1b2c0_0, C4<0>, C4<0>, C4<0>;
L_0x7f9e8ac1b730 .functor AND 1, L_0x7f9e8ac1b590, L_0x7f9e8ac1b690, C4<1>, C4<1>;
L_0x7f9e8ac1b8e0 .functor AND 1, v0x7f9e8ac1b340_0, v0x7f9e8ac1b240_0, C4<1>, C4<1>;
L_0x7f9e8ac1b970 .functor NOT 1, v0x7f9e8ac1b2c0_0, C4<0>, C4<0>, C4<0>;
L_0x7f9e8ac1b9d0 .functor AND 1, L_0x7f9e8ac1b8e0, L_0x7f9e8ac1b970, C4<1>, C4<1>;
L_0x7f9e8ac1afd0 .functor NOT 1, v0x7f9e8ac1b240_0, C4<0>, C4<0>, C4<0>;
L_0x7f9e8ac1bcc0 .functor AND 1, v0x7f9e8ac1b340_0, L_0x7f9e8ac1afd0, C4<1>, C4<1>;
L_0x7f9e8ac1b530 .functor AND 1, L_0x7f9e8ac1bcc0, v0x7f9e8ac1b2c0_0, C4<1>, C4<1>;
L_0x7f9e8ac1bf60 .functor AND 1, v0x7f9e8ac1b340_0, v0x7f9e8ac1b240_0, C4<1>, C4<1>;
L_0x7f9e8ac1c020 .functor AND 1, L_0x7f9e8ac1bf60, v0x7f9e8ac1b2c0_0, C4<1>, C4<1>;
v0x7f9e8ac0a850_0 .net "S1", 0 0, v0x7f9e8ac1b240_0; 1 drivers
v0x7f9e8ac1a870_0 .net "S2", 0 0, v0x7f9e8ac1b2c0_0; 1 drivers
v0x7f9e8ac1a900_0 .net "X", 0 0, v0x7f9e8ac1b340_0; 1 drivers
v0x7f9e8ac1a980_0 .alias "Y", 3 0, v0x7f9e8ac1b3c0_0;
v0x7f9e8ac1aa10_0 .net *"_s12", 0 0, L_0x7f9e8ac1b8e0; 1 drivers
v0x7f9e8ac1aad0_0 .net *"_s14", 0 0, L_0x7f9e8ac1b970; 1 drivers
v0x7f9e8ac1ab60_0 .net *"_s16", 0 0, L_0x7f9e8ac1b9d0; 1 drivers
v0x7f9e8ac1ac20_0 .net *"_s2", 0 0, L_0x7f9e8ac1b4d0; 1 drivers
v0x7f9e8ac1aca0_0 .net *"_s20", 0 0, L_0x7f9e8ac1afd0; 1 drivers
v0x7f9e8ac1ad70_0 .net *"_s22", 0 0, L_0x7f9e8ac1bcc0; 1 drivers
v0x7f9e8ac1adf0_0 .net *"_s24", 0 0, L_0x7f9e8ac1b530; 1 drivers
v0x7f9e8ac1aed0_0 .net *"_s28", 0 0, L_0x7f9e8ac1bf60; 1 drivers
v0x7f9e8ac1af50_0 .net *"_s30", 0 0, L_0x7f9e8ac1c020; 1 drivers
v0x7f9e8ac1b040_0 .net *"_s4", 0 0, L_0x7f9e8ac1b590; 1 drivers
v0x7f9e8ac1b0c0_0 .net *"_s6", 0 0, L_0x7f9e8ac1b690; 1 drivers
v0x7f9e8ac1b1c0_0 .net *"_s8", 0 0, L_0x7f9e8ac1b730; 1 drivers
L_0x7f9e8ac1b440 .part/pv L_0x7f9e8ac1b730, 0, 1, 4;
L_0x7f9e8ac1b850 .part/pv L_0x7f9e8ac1b9d0, 1, 1, 4;
L_0x7f9e8ac1bb30 .part/pv L_0x7f9e8ac1b530, 2, 1, 4;
L_0x7f9e8ac1bed0 .part/pv L_0x7f9e8ac1c020, 3, 1, 4;
    .scope S_0x7f9e8ac0a690;
T_0 ;
    %vpi_call 2 21 "$monitor", "X=%b S1=%b S2=%b Y[0]=%b Y[1]=%b Y[2]=%b Y[3]=%b", v0x7f9e8ac1b340_0, v0x7f9e8ac1b240_0, v0x7f9e8ac1b2c0_0, &PV<v0x7f9e8ac1b3c0_0, 0, 1>, &PV<v0x7f9e8ac1b3c0_0, 1, 1>, &PV<v0x7f9e8ac1b3c0_0, 2, 1>, &PV<v0x7f9e8ac1b3c0_0, 3, 1>;
    %set/v v0x7f9e8ac1b340_0, 0, 1;
    %set/v v0x7f9e8ac1b240_0, 0, 1;
    %set/v v0x7f9e8ac1b2c0_0, 0, 1;
    %delay 5, 0;
    %set/v v0x7f9e8ac1b340_0, 1, 1;
    %set/v v0x7f9e8ac1b240_0, 0, 1;
    %set/v v0x7f9e8ac1b2c0_0, 0, 1;
    %delay 5, 0;
    %set/v v0x7f9e8ac1b340_0, 0, 1;
    %set/v v0x7f9e8ac1b240_0, 1, 1;
    %set/v v0x7f9e8ac1b2c0_0, 0, 1;
    %delay 5, 0;
    %set/v v0x7f9e8ac1b340_0, 1, 1;
    %set/v v0x7f9e8ac1b240_0, 1, 1;
    %set/v v0x7f9e8ac1b2c0_0, 0, 1;
    %delay 5, 0;
    %set/v v0x7f9e8ac1b340_0, 0, 1;
    %set/v v0x7f9e8ac1b240_0, 0, 1;
    %set/v v0x7f9e8ac1b2c0_0, 1, 1;
    %delay 5, 0;
    %set/v v0x7f9e8ac1b340_0, 1, 1;
    %set/v v0x7f9e8ac1b240_0, 0, 1;
    %set/v v0x7f9e8ac1b2c0_0, 1, 1;
    %delay 5, 0;
    %set/v v0x7f9e8ac1b340_0, 0, 1;
    %set/v v0x7f9e8ac1b240_0, 1, 1;
    %set/v v0x7f9e8ac1b2c0_0, 1, 1;
    %delay 5, 0;
    %set/v v0x7f9e8ac1b340_0, 1, 1;
    %set/v v0x7f9e8ac1b240_0, 1, 1;
    %set/v v0x7f9e8ac1b2c0_0, 1, 1;
    %delay 5, 0;
    %vpi_call 2 32 "$finish";
    %end;
    .thread T_0;
# The file index is used to find the file name in the following table.
:file_names 3;
    "N/A";
    "<interactive>";
    "demux.v";
